{"/Users/weiyabo/zen-toast/index.js": {"path":"/Users/weiyabo/zen-toast/index.js","statementMap":{"0":{"start":{"line":5,"column":0},"end":{"line":5,"column":20}},"1":{"start":{"line":8,"column":2},"end":{"line":10,"column":3}},"2":{"start":{"line":9,"column":4},"end":{"line":9,"column":25}},"3":{"start":{"line":11,"column":27},"end":{"line":11,"column":44}},"4":{"start":{"line":12,"column":24},"end":{"line":12,"column":46}},"5":{"start":{"line":14,"column":2},"end":{"line":14,"column":54}},"6":{"start":{"line":15,"column":2},"end":{"line":15,"column":25}},"7":{"start":{"line":17,"column":2},"end":{"line":21,"column":3}},"8":{"start":{"line":18,"column":4},"end":{"line":18,"column":49}},"9":{"start":{"line":19,"column":4},"end":{"line":19,"column":29}},"10":{"start":{"line":20,"column":4},"end":{"line":20,"column":24}},"11":{"start":{"line":23,"column":2},"end":{"line":23,"column":47}},"12":{"start":{"line":24,"column":2},"end":{"line":24,"column":38}},"13":{"start":{"line":28,"column":2},"end":{"line":28,"column":49}},"14":{"start":{"line":32,"column":2},"end":{"line":32,"column":49}},"15":{"start":{"line":35,"column":0},"end":{"line":41,"column":2}},"16":{"start":{"line":36,"column":2},"end":{"line":40,"column":3}},"17":{"start":{"line":37,"column":4},"end":{"line":37,"column":36}},"18":{"start":{"line":38,"column":4},"end":{"line":38,"column":24}},"19":{"start":{"line":39,"column":4},"end":{"line":39,"column":25}},"20":{"start":{"line":43,"column":0},"end":{"line":45,"column":1}},"21":{"start":{"line":44,"column":2},"end":{"line":44,"column":31}}},"fnMap":{"0":{"name":"Toast","decl":{"start":{"line":7,"column":16},"end":{"line":7,"column":21}},"loc":{"start":{"line":7,"column":31},"end":{"line":25,"column":1}},"line":7},"1":{"name":"(anonymous_1)","decl":{"start":{"line":17,"column":27},"end":{"line":17,"column":28}},"loc":{"start":{"line":17,"column":33},"end":{"line":21,"column":3}},"line":17},"2":{"name":"parseOptions","decl":{"start":{"line":27,"column":9},"end":{"line":27,"column":21}},"loc":{"start":{"line":27,"column":31},"end":{"line":29,"column":1}},"line":27},"3":{"name":"isObject","decl":{"start":{"line":31,"column":9},"end":{"line":31,"column":17}},"loc":{"start":{"line":31,"column":23},"end":{"line":33,"column":1}},"line":31},"4":{"name":"(anonymous_4)","decl":{"start":{"line":35,"column":39},"end":{"line":35,"column":40}},"loc":{"start":{"line":35,"column":47},"end":{"line":41,"column":1}},"line":35},"5":{"name":"(anonymous_5)","decl":{"start":{"line":36,"column":16},"end":{"line":36,"column":17}},"loc":{"start":{"line":36,"column":27},"end":{"line":40,"column":3}},"line":36},"6":{"name":"(anonymous_6)","decl":{"start":{"line":43,"column":16},"end":{"line":43,"column":17}},"loc":{"start":{"line":43,"column":25},"end":{"line":45,"column":1}},"line":43}},"branchMap":{"0":{"loc":{"start":{"line":8,"column":2},"end":{"line":10,"column":3}},"type":"if","locations":[{"start":{"line":8,"column":2},"end":{"line":10,"column":3}},{"start":{"line":8,"column":2},"end":{"line":10,"column":3}}],"line":8},"1":{"loc":{"start":{"line":28,"column":9},"end":{"line":28,"column":48}},"type":"cond-expr","locations":[{"start":{"line":28,"column":29},"end":{"line":28,"column":36}},{"start":{"line":28,"column":39},"end":{"line":28,"column":48}}],"line":28},"2":{"loc":{"start":{"line":32,"column":9},"end":{"line":32,"column":48}},"type":"binary-expr","locations":[{"start":{"line":32,"column":9},"end":{"line":32,"column":21}},{"start":{"line":32,"column":25},"end":{"line":32,"column":48}}],"line":32}},"s":{"0":1,"1":6,"2":4,"3":6,"4":6,"5":6,"6":6,"7":6,"8":6,"9":6,"10":6,"11":6,"12":6,"13":8,"14":8,"15":1,"16":3,"17":2,"18":2,"19":2,"20":1,"21":1},"f":{"0":6,"1":6,"2":8,"3":8,"4":3,"5":2,"6":1},"b":{"0":[4,2],"1":[5,3],"2":[8,8]},"_coverageSchema":"1a1c01bbd47fc00a2c39e90264f33305004495a9","hash":"23269a0fa870fb6054d530374296f2197598c41a"}
,"/Users/weiyabo/zen-toast/src/toast.vue": {"path":"/Users/weiyabo/zen-toast/src/toast.vue","statementMap":{"0":{"start":{"line":35,"column":0},"end":{"line":35,"column":null}},"1":{"start":{"line":41,"column":0},"end":{"line":41,"column":null}},"2":{"start":{"line":44,"column":0},"end":{"line":44,"column":null}},"3":{"start":{"line":46,"column":0},"end":{"line":46,"column":null}},"4":{"start":{"line":47,"column":0},"end":{"line":50,"column":null}},"5":{"start":{"line":49,"column":0},"end":{"line":49,"column":null}},"6":{"start":{"line":52,"column":0},"end":{"line":56,"column":null}},"7":{"start":{"line":53,"column":0},"end":{"line":55,"column":null}},"8":{"start":{"line":54,"column":0},"end":{"line":54,"column":null}},"9":{"start":{"line":60,"column":0},"end":{"line":63,"column":null}},"10":{"start":{"line":61,"column":0},"end":{"line":61,"column":null}},"11":{"start":{"line":62,"column":0},"end":{"line":62,"column":null}}},"fnMap":{"0":{"name":"data","decl":{"start":{"line":34,"column":0},"end":{"line":34,"column":null}},"loc":{"start":{"line":34,"column":0},"end":{"line":38,"column":null}}},"1":{"name":"clickOverlay","decl":{"start":{"line":40,"column":0},"end":{"line":40,"column":null}},"loc":{"start":{"line":40,"column":0},"end":{"line":42,"column":null}}},"2":{"name":"mounted","decl":{"start":{"line":44,"column":0},"end":{"line":44,"column":null}},"loc":{"start":{"line":44,"column":0},"end":{"line":58,"column":null}}},"3":{"name":"(anonymous_4)","decl":{"start":{"line":53,"column":0},"end":{"line":53,"column":null}},"loc":{"start":{"line":53,"column":0},"end":{"line":55,"column":null}}},"4":{"name":"beforeDestroy","decl":{"start":{"line":59,"column":0},"end":{"line":59,"column":null}},"loc":{"start":{"line":59,"column":0},"end":{"line":64,"column":null}}}},"branchMap":{"0":{"loc":{"start":{"line":41,"column":0},"end":{"line":41,"column":null}},"type":"binary-expr","locations":[{"start":{"line":41,"column":0},"end":{"line":41,"column":null}},{"start":{"line":41,"column":0},"end":{"line":41,"column":null}}]},"1":{"loc":{"start":{"line":47,"column":0},"end":{"line":50,"column":null}},"type":"if","locations":[{"start":{"line":47,"column":0},"end":{"line":50,"column":null}},{"start":{"line":47,"column":0},"end":{"line":50,"column":null}}]},"2":{"loc":{"start":{"line":49,"column":0},"end":{"line":49,"column":null}},"type":"cond-expr","locations":[{"start":{"line":49,"column":0},"end":{"line":49,"column":null}},{"start":{"line":49,"column":0},"end":{"line":49,"column":null}}]},"3":{"loc":{"start":{"line":52,"column":0},"end":{"line":56,"column":null}},"type":"if","locations":[{"start":{"line":52,"column":0},"end":{"line":56,"column":null}},{"start":{"line":52,"column":0},"end":{"line":56,"column":null}}]},"4":{"loc":{"start":{"line":60,"column":0},"end":{"line":63,"column":null}},"type":"if","locations":[{"start":{"line":60,"column":0},"end":{"line":63,"column":null}},{"start":{"line":60,"column":0},"end":{"line":63,"column":null}}]}},"s":{"0":6,"1":1,"2":6,"3":6,"4":6,"5":5,"6":6,"7":5,"8":1,"9":6,"10":5,"11":5},"f":{"0":6,"1":1,"2":6,"3":1,"4":6},"b":{"0":[1,1],"1":[5,1],"2":[1,4],"3":[5,1],"4":[5,1]}}
}
