TN:
SF:index.js
FN:7,Toast
FN:17,(anonymous_1)
FN:27,parseOptions
FN:31,isObject
FN:35,(anonymous_4)
FN:36,(anonymous_5)
FN:43,(anonymous_6)
FNF:7
FNH:7
FNDA:6,Toast
FNDA:6,(anonymous_1)
FNDA:8,parseOptions
FNDA:8,isObject
FNDA:3,(anonymous_4)
FNDA:2,(anonymous_5)
FNDA:1,(anonymous_6)
DA:5,1
DA:8,6
DA:9,4
DA:11,6
DA:12,6
DA:14,6
DA:15,6
DA:17,6
DA:18,6
DA:19,6
DA:20,6
DA:23,6
DA:24,6
DA:28,8
DA:32,8
DA:35,1
DA:36,3
DA:37,2
DA:38,2
DA:39,2
DA:43,1
DA:44,1
LF:22
LH:22
BRDA:8,0,0,4
BRDA:8,0,1,2
BRDA:28,1,0,5
BRDA:28,1,1,3
BRDA:32,2,0,8
BRDA:32,2,1,8
BRF:6
BRH:6
end_of_record
TN:
SF:src/toast.vue
FN:34,data
FN:40,clickOverlay
FN:44,mounted
FN:53,(anonymous_4)
FN:59,beforeDestroy
FNF:5
FNH:5
FNDA:6,data
FNDA:1,clickOverlay
FNDA:6,mounted
FNDA:1,(anonymous_4)
FNDA:6,beforeDestroy
DA:35,6
DA:41,1
DA:44,6
DA:46,6
DA:47,6
DA:49,5
DA:52,6
DA:53,5
DA:54,1
DA:60,6
DA:61,5
DA:62,5
LF:12
LH:12
BRDA:41,0,0,1
BRDA:41,0,1,1
BRDA:47,1,0,5
BRDA:47,1,1,1
BRDA:49,2,0,1
BRDA:49,2,1,4
BRDA:52,3,0,5
BRDA:52,3,1,1
BRDA:60,4,0,5
BRDA:60,4,1,1
BRF:10
BRH:10
end_of_record
